app/build/intermediates/manifest_merge_blame_file/debug/manifest-merger-blame-debug-report.txt
1<?xml version="1.0" encoding="utf-8"?>
2<manifest xmlns:android="http://schemas.android.com/apk/res/android"
3    package="com.cropsurvey.app"
4    android:versionCode="1"
5    android:versionName="5.3" >
6
7    <uses-sdk
8        android:minSdkVersion="24"
9        android:targetSdkVersion="34" />
10
11    <!-- Permissions -->
12    <uses-permission android:name="android.permission.INTERNET" />
12-->src\main\AndroidManifest.xml:5:5-67
12-->src\main\AndroidManifest.xml:5:22-64
13    <uses-permission android:name="android.permission.CAMERA" />
13-->src\main\AndroidManifest.xml:6:5-65
13-->src\main\AndroidManifest.xml:6:22-62
14    <uses-permission android:name="android.permission.ACCESS_FINE_LOCATION" />
14-->src\main\AndroidManifest.xml:7:5-79
14-->src\main\AndroidManifest.xml:7:22-76
15    <uses-permission android:name="android.permission.ACCESS_COARSE_LOCATION" />
15-->src\main\AndroidManifest.xml:8:5-81
15-->src\main\AndroidManifest.xml:8:22-78
16    <uses-permission android:name="android.permission.READ_EXTERNAL_STORAGE" />
16-->src\main\AndroidManifest.xml:9:5-80
16-->src\main\AndroidManifest.xml:9:22-77
17    <uses-permission
17-->src\main\AndroidManifest.xml:10:5-108
18        android:name="android.permission.WRITE_EXTERNAL_STORAGE"
18-->src\main\AndroidManifest.xml:10:22-78
19        android:maxSdkVersion="28" />
19-->src\main\AndroidManifest.xml:10:79-105
20    <uses-permission android:name="android.permission.ACCESS_NETWORK_STATE" />
20-->src\main\AndroidManifest.xml:11:5-79
20-->src\main\AndroidManifest.xml:11:22-76
21
22    <uses-feature
22-->src\main\AndroidManifest.xml:13:5-84
23        android:name="android.hardware.camera"
23-->src\main\AndroidManifest.xml:13:19-57
24        android:required="true" />
24-->src\main\AndroidManifest.xml:13:58-81
25    <uses-feature
25-->src\main\AndroidManifest.xml:14:5-90
26        android:name="android.hardware.location.gps"
26-->src\main\AndroidManifest.xml:14:19-63
27        android:required="true" />
27-->src\main\AndroidManifest.xml:14:64-87
28    <uses-feature
28-->[com.google.android.gms:play-services-maps:18.2.0] AndroidManifest.xml:26:5-28:35
29        android:glEsVersion="0x00020000"
29-->[com.google.android.gms:play-services-maps:18.2.0] AndroidManifest.xml:27:9-41
30        android:required="true" />
30-->[com.google.android.gms:play-services-maps:18.2.0] AndroidManifest.xml:28:9-32
31
32    <queries>
32-->[com.google.android.gms:play-services-maps:18.2.0] AndroidManifest.xml:30:5-34:15
33
34        <!-- Needs to be explicitly declared on Android R+ -->
35        <package android:name="com.google.android.apps.maps" />
35-->[com.google.android.gms:play-services-maps:18.2.0] AndroidManifest.xml:33:9-64
35-->[com.google.android.gms:play-services-maps:18.2.0] AndroidManifest.xml:33:18-61
36    </queries>
37
38    <permission
38-->[androidx.core:core:1.12.0] AndroidManifest.xml:22:5-24:47
39        android:name="com.cropsurvey.app.DYNAMIC_RECEIVER_NOT_EXPORTED_PERMISSION"
39-->[androidx.core:core:1.12.0] AndroidManifest.xml:23:9-81
40        android:protectionLevel="signature" />
40-->[androidx.core:core:1.12.0] AndroidManifest.xml:24:9-44
41
42    <uses-permission android:name="com.cropsurvey.app.DYNAMIC_RECEIVER_NOT_EXPORTED_PERMISSION" />
42-->[androidx.core:core:1.12.0] AndroidManifest.xml:26:5-97
42-->[androidx.core:core:1.12.0] AndroidManifest.xml:26:22-94
43
44    <application
44-->src\main\AndroidManifest.xml:16:5-104:19
45        android:name="com.cropsurvey.app.CropSurveyApp"
45-->src\main\AndroidManifest.xml:17:9-38
46        android:allowBackup="true"
46-->src\main\AndroidManifest.xml:18:9-35
47        android:appComponentFactory="androidx.core.app.CoreComponentFactory"
47-->[androidx.core:core:1.12.0] AndroidManifest.xml:28:18-86
48        android:dataExtractionRules="@xml/backup_rules"
48-->src\main\AndroidManifest.xml:26:9-56
49        android:debuggable="true"
50        android:extractNativeLibs="false"
51        android:fullBackupContent="@xml/backup_rules"
51-->src\main\AndroidManifest.xml:25:9-54
52        android:icon="@mipmap/ic_launcher"
52-->src\main\AndroidManifest.xml:19:9-43
53        android:label="@string/app_name"
53-->src\main\AndroidManifest.xml:20:9-41
54        android:roundIcon="@mipmap/ic_launcher_round"
54-->src\main\AndroidManifest.xml:21:9-54
55        android:supportsRtl="true"
55-->src\main\AndroidManifest.xml:22:9-35
56        android:theme="@style/Theme.CropSurvey"
56-->src\main\AndroidManifest.xml:23:9-48
57        android:usesCleartextTraffic="true" >
57-->src\main\AndroidManifest.xml:24:9-44
58
59        <!-- Google Maps API Key -->
60        <meta-data
61            android:name="com.google.android.geo.API_KEY"
61-->src\main\AndroidManifest.xml:30:13-58
62            android:value="AIzaSyBeTxivPiFNC_8p52lQDjCdmXH3cD6rdbw" />
62-->src\main\AndroidManifest.xml:31:13-42
63
64        <!-- Splash — app entry point -->
65        <activity
65-->src\main\AndroidManifest.xml:34:9-43:20
66            android:name="com.cropsurvey.app.auth.SplashActivity"
66-->src\main\AndroidManifest.xml:35:13-48
67            android:exported="true"
67-->src\main\AndroidManifest.xml:36:13-36
68            android:screenOrientation="portrait"
68-->src\main\AndroidManifest.xml:37:13-49
69            android:theme="@style/Theme.CropSurvey.Splash" >
69-->src\main\AndroidManifest.xml:38:13-59
70            <intent-filter>
70-->src\main\AndroidManifest.xml:39:13-42:29
71                <action android:name="android.intent.action.MAIN" />
71-->src\main\AndroidManifest.xml:40:17-69
71-->src\main\AndroidManifest.xml:40:25-66
72
73                <category android:name="android.intent.category.LAUNCHER" />
73-->src\main\AndroidManifest.xml:41:17-77
73-->src\main\AndroidManifest.xml:41:27-74
74            </intent-filter>
75        </activity>
76
77        <!-- Language Selection — shown before login on first launch -->
78        <activity
78-->src\main\AndroidManifest.xml:46:9-49:52
79            android:name="com.cropsurvey.app.auth.LanguageSelectionActivity"
79-->src\main\AndroidManifest.xml:47:13-59
80            android:exported="false"
80-->src\main\AndroidManifest.xml:48:13-37
81            android:screenOrientation="portrait" />
81-->src\main\AndroidManifest.xml:49:13-49
82
83        <!-- Language Settings — accessible from Settings screen -->
84        <activity
84-->src\main\AndroidManifest.xml:52:9-55:52
85            android:name="com.cropsurvey.app.settings.LanguageSettingsActivity"
85-->src\main\AndroidManifest.xml:53:13-62
86            android:exported="false"
86-->src\main\AndroidManifest.xml:54:13-37
87            android:screenOrientation="portrait" />
87-->src\main\AndroidManifest.xml:55:13-49
88
89        <!-- Login -->
90        <activity
90-->src\main\AndroidManifest.xml:58:9-61:52
91            android:name="com.cropsurvey.app.auth.LoginActivity"
91-->src\main\AndroidManifest.xml:59:13-47
92            android:exported="false"
92-->src\main\AndroidManifest.xml:60:13-37
93            android:screenOrientation="portrait" />
93-->src\main\AndroidManifest.xml:61:13-49
94        <activity
94-->src\main\AndroidManifest.xml:63:9-64:52
95            android:name="com.cropsurvey.app.auth.SignupActivity"
95-->src\main\AndroidManifest.xml:63:19-54
96            android:screenOrientation="portrait" />
96-->src\main\AndroidManifest.xml:64:13-49
97        <activity
97-->src\main\AndroidManifest.xml:66:9-67:52
98            android:name="com.cropsurvey.app.auth.ForgotPasswordActivity"
98-->src\main\AndroidManifest.xml:66:19-62
99            android:screenOrientation="portrait" />
99-->src\main\AndroidManifest.xml:67:13-49
100        <activity
100-->src\main\AndroidManifest.xml:69:9-70:52
101            android:name="com.cropsurvey.app.dashboard.DashboardActivity"
101-->src\main\AndroidManifest.xml:69:19-62
102            android:screenOrientation="portrait" />
102-->src\main\AndroidManifest.xml:70:13-49
103        <activity
103-->src\main\AndroidManifest.xml:72:9-73:52
104            android:name="com.cropsurvey.app.map.PolygonMapActivity"
104-->src\main\AndroidManifest.xml:72:19-57
105            android:screenOrientation="portrait" />
105-->src\main\AndroidManifest.xml:73:13-49
106        <activity
106-->src\main\AndroidManifest.xml:75:9-76:52
107            android:name="com.cropsurvey.app.map.ChmBufferCheckActivity"
107-->src\main\AndroidManifest.xml:75:19-61
108            android:screenOrientation="portrait" />
108-->src\main\AndroidManifest.xml:76:13-49
109        <activity android:name="com.cropsurvey.app.survey.FarmerVerificationActivity" />
109-->src\main\AndroidManifest.xml:78:9-71
109-->src\main\AndroidManifest.xml:78:19-68
110        <activity
110-->src\main\AndroidManifest.xml:79:9-81:58
111            android:name="com.cropsurvey.app.survey.SurveyTabsActivity"
111-->src\main\AndroidManifest.xml:79:19-60
112            android:screenOrientation="portrait"
112-->src\main\AndroidManifest.xml:80:13-49
113            android:windowSoftInputMode="adjustResize" />
113-->src\main\AndroidManifest.xml:81:13-55
114        <activity
114-->src\main\AndroidManifest.xml:83:9-85:58
115            android:name="com.cropsurvey.app.survey.SurveyFormActivity"
115-->src\main\AndroidManifest.xml:83:19-60
116            android:screenOrientation="portrait"
116-->src\main\AndroidManifest.xml:84:13-49
117            android:windowSoftInputMode="adjustResize" />
117-->src\main\AndroidManifest.xml:85:13-55
118        <activity
118-->src\main\AndroidManifest.xml:87:9-88:51
119            android:name="com.cropsurvey.app.camera.PhotoSelectionActivity"
119-->src\main\AndroidManifest.xml:87:19-64
120            android:screenOrientation="portrait" />
120-->src\main\AndroidManifest.xml:88:13-49
121        <activity
121-->src\main\AndroidManifest.xml:89:9-90:52
122            android:name="com.cropsurvey.app.camera.PhotoCaptureActivity"
122-->src\main\AndroidManifest.xml:89:19-62
123            android:screenOrientation="portrait" />
123-->src\main\AndroidManifest.xml:90:13-49
124        <activity
124-->src\main\AndroidManifest.xml:92:9-93:52
125            android:name="com.cropsurvey.app.survey.SubmitSurveyActivity"
125-->src\main\AndroidManifest.xml:92:19-62
126            android:screenOrientation="portrait" />
126-->src\main\AndroidManifest.xml:93:13-49
127        <activity
127-->src\main\AndroidManifest.xml:95:9-96:52
128            android:name="com.cropsurvey.app.survey.chm.ChmVisitActivity"
128-->src\main\AndroidManifest.xml:95:19-62
129            android:screenOrientation="portrait" />
129-->src\main\AndroidManifest.xml:96:13-49
130        <activity
130-->src\main\AndroidManifest.xml:98:9-99:52
131            android:name="com.cropsurvey.app.survey.chm.ChmVisitReadOnlyActivity"
131-->src\main\AndroidManifest.xml:98:19-70
132            android:screenOrientation="portrait" />
132-->src\main\AndroidManifest.xml:99:13-49
133        <activity
133-->src\main\AndroidManifest.xml:101:9-102:52
134            android:name="com.cropsurvey.app.queue.QueueActivity"
134-->src\main\AndroidManifest.xml:101:19-54
135            android:screenOrientation="portrait" />
135-->src\main\AndroidManifest.xml:102:13-49
136
137        <service
137-->[androidx.camera:camera-camera2:1.3.1] AndroidManifest.xml:24:9-33:19
138            android:name="androidx.camera.core.impl.MetadataHolderService"
138-->[androidx.camera:camera-camera2:1.3.1] AndroidManifest.xml:25:13-75
139            android:enabled="false"
139-->[androidx.camera:camera-camera2:1.3.1] AndroidManifest.xml:26:13-36
140            android:exported="false" >
140-->[androidx.camera:camera-camera2:1.3.1] AndroidManifest.xml:27:13-37
141            <meta-data
141-->[androidx.camera:camera-camera2:1.3.1] AndroidManifest.xml:30:13-32:89
142                android:name="androidx.camera.core.impl.MetadataHolderService.DEFAULT_CONFIG_PROVIDER"
142-->[androidx.camera:camera-camera2:1.3.1] AndroidManifest.xml:31:17-103
143                android:value="androidx.camera.camera2.Camera2Config$DefaultProvider" />
143-->[androidx.camera:camera-camera2:1.3.1] AndroidManifest.xml:32:17-86
144        </service> <!-- Needs to be explicitly declared on P+ -->
145        <uses-library
145-->[com.google.android.gms:play-services-maps:18.2.0] AndroidManifest.xml:39:9-41:40
146            android:name="org.apache.http.legacy"
146-->[com.google.android.gms:play-services-maps:18.2.0] AndroidManifest.xml:40:13-50
147            android:required="false" />
147-->[com.google.android.gms:play-services-maps:18.2.0] AndroidManifest.xml:41:13-37
148
149        <activity
149-->[com.google.android.gms:play-services-base:18.1.0] AndroidManifest.xml:20:9-22:45
150            android:name="com.google.android.gms.common.api.GoogleApiActivity"
150-->[com.google.android.gms:play-services-base:18.1.0] AndroidManifest.xml:20:19-85
151            android:exported="false"
151-->[com.google.android.gms:play-services-base:18.1.0] AndroidManifest.xml:22:19-43
152            android:theme="@android:style/Theme.Translucent.NoTitleBar" />
152-->[com.google.android.gms:play-services-base:18.1.0] AndroidManifest.xml:21:19-78
153
154        <meta-data
154-->[com.google.android.gms:play-services-basement:18.1.0] AndroidManifest.xml:21:9-23:69
155            android:name="com.google.android.gms.version"
155-->[com.google.android.gms:play-services-basement:18.1.0] AndroidManifest.xml:22:13-58
156            android:value="@integer/google_play_services_version" />
156-->[com.google.android.gms:play-services-basement:18.1.0] AndroidManifest.xml:23:13-66
157
158        <provider
158-->[androidx.emoji2:emoji2:1.2.0] AndroidManifest.xml:24:9-32:20
159            android:name="androidx.startup.InitializationProvider"
159-->[androidx.emoji2:emoji2:1.2.0] AndroidManifest.xml:25:13-67
160            android:authorities="com.cropsurvey.app.androidx-startup"
160-->[androidx.emoji2:emoji2:1.2.0] AndroidManifest.xml:26:13-68
161            android:exported="false" >
161-->[androidx.emoji2:emoji2:1.2.0] AndroidManifest.xml:27:13-37
162            <meta-data
162-->[androidx.emoji2:emoji2:1.2.0] AndroidManifest.xml:29:13-31:52
163                android:name="androidx.emoji2.text.EmojiCompatInitializer"
163-->[androidx.emoji2:emoji2:1.2.0] AndroidManifest.xml:30:17-75
164                android:value="androidx.startup" />
164-->[androidx.emoji2:emoji2:1.2.0] AndroidManifest.xml:31:17-49
165            <meta-data
165-->[androidx.lifecycle:lifecycle-process:2.7.0] AndroidManifest.xml:29:13-31:52
166                android:name="androidx.lifecycle.ProcessLifecycleInitializer"
166-->[androidx.lifecycle:lifecycle-process:2.7.0] AndroidManifest.xml:30:17-78
167                android:value="androidx.startup" />
167-->[androidx.lifecycle:lifecycle-process:2.7.0] AndroidManifest.xml:31:17-49
168            <meta-data
168-->[androidx.profileinstaller:profileinstaller:1.3.0] AndroidManifest.xml:29:13-31:52
169                android:name="androidx.profileinstaller.ProfileInstallerInitializer"
169-->[androidx.profileinstaller:profileinstaller:1.3.0] AndroidManifest.xml:30:17-85
170                android:value="androidx.startup" />
170-->[androidx.profileinstaller:profileinstaller:1.3.0] AndroidManifest.xml:31:17-49
171        </provider>
172
173        <uses-library
173-->[androidx.window:window:1.0.0] AndroidManifest.xml:25:9-27:40
174            android:name="androidx.window.extensions"
174-->[androidx.window:window:1.0.0] AndroidManifest.xml:26:13-54
175            android:required="false" />
175-->[androidx.window:window:1.0.0] AndroidManifest.xml:27:13-37
176        <uses-library
176-->[androidx.window:window:1.0.0] AndroidManifest.xml:28:9-30:40
177            android:name="androidx.window.sidecar"
177-->[androidx.window:window:1.0.0] AndroidManifest.xml:29:13-51
178            android:required="false" />
178-->[androidx.window:window:1.0.0] AndroidManifest.xml:30:13-37
179
180        <receiver
180-->[androidx.profileinstaller:profileinstaller:1.3.0] AndroidManifest.xml:34:9-52:20
181            android:name="androidx.profileinstaller.ProfileInstallReceiver"
181-->[androidx.profileinstaller:profileinstaller:1.3.0] AndroidManifest.xml:35:13-76
182            android:directBootAware="false"
182-->[androidx.profileinstaller:profileinstaller:1.3.0] AndroidManifest.xml:36:13-44
183            android:enabled="true"
183-->[androidx.profileinstaller:profileinstaller:1.3.0] AndroidManifest.xml:37:13-35
184            android:exported="true"
184-->[androidx.profileinstaller:profileinstaller:1.3.0] AndroidManifest.xml:38:13-36
185            android:permission="android.permission.DUMP" >
185-->[androidx.profileinstaller:profileinstaller:1.3.0] AndroidManifest.xml:39:13-57
186            <intent-filter>
186-->[androidx.profileinstaller:profileinstaller:1.3.0] AndroidManifest.xml:40:13-42:29
187                <action android:name="androidx.profileinstaller.action.INSTALL_PROFILE" />
187-->[androidx.profileinstaller:profileinstaller:1.3.0] AndroidManifest.xml:41:17-91
187-->[androidx.profileinstaller:profileinstaller:1.3.0] AndroidManifest.xml:41:25-88
188            </intent-filter>
189            <intent-filter>
189-->[androidx.profileinstaller:profileinstaller:1.3.0] AndroidManifest.xml:43:13-45:29
190                <action android:name="androidx.profileinstaller.action.SKIP_FILE" />
190-->[androidx.profileinstaller:profileinstaller:1.3.0] AndroidManifest.xml:44:17-85
190-->[androidx.profileinstaller:profileinstaller:1.3.0] AndroidManifest.xml:44:25-82
191            </intent-filter>
192            <intent-filter>
192-->[androidx.profileinstaller:profileinstaller:1.3.0] AndroidManifest.xml:46:13-48:29
193                <action android:name="androidx.profileinstaller.action.SAVE_PROFILE" />
193-->[androidx.profileinstaller:profileinstaller:1.3.0] AndroidManifest.xml:47:17-88
193-->[androidx.profileinstaller:profileinstaller:1.3.0] AndroidManifest.xml:47:25-85
194            </intent-filter>
195            <intent-filter>
195-->[androidx.profileinstaller:profileinstaller:1.3.0] AndroidManifest.xml:49:13-51:29
196                <action android:name="androidx.profileinstaller.action.BENCHMARK_OPERATION" />
196-->[androidx.profileinstaller:profileinstaller:1.3.0] AndroidManifest.xml:50:17-95
196-->[androidx.profileinstaller:profileinstaller:1.3.0] AndroidManifest.xml:50:25-92
197            </intent-filter>
198        </receiver>
199    </application>
200
201</manifest>